<?xml version="1.0" encoding="UTF-8"?>
<!-- Generated by org.testng.reporters.JUnitXMLReporter -->
<testsuite ignored="1" hostname="DESKTOP-FN3O4BQ" failures="0" tests="2" name="Test_runner-1" time="19.124" errors="0" timestamp="2023-01-10T10:18:16 IST">
  <testcase classname="swagerTest.BoltTest" name="listOfitems" time="0.81"/>
  <testcase classname="swagerTest.BoltTest" name="addCart" time="1.606"/>
  <testcase classname="swagerTest.BoltTest" name="listOfitems" time="0.0">
    <ignored/>
  </testcase> <!-- listOfitems -->
</testsuite> <!-- Test_runner-1 -->
