<?xml version="1.0" encoding="UTF-8"?>
<!-- Generated by org.testng.reporters.JUnitXMLReporter -->
<testsuite ignored="1" hostname="DESKTOP-FN3O4BQ" failures="0" tests="2" name="Test_runner-1" time="24.252" errors="0" timestamp="2023-01-10T13:16:30 IST">
  <testcase classname="swagerTest.BoltTest" name="listOfitems" time="1.102"/>
  <testcase classname="swagerTest.BoltTest" name="addCart" time="1.748"/>
  <testcase classname="swagerTest.BoltTest" name="listOfitems" time="0.0">
    <ignored/>
  </testcase> <!-- listOfitems -->
</testsuite> <!-- Test_runner-1 -->
