<?xml version="1.0" encoding="UTF-8"?>
<testng-results ignored="2" total="4" passed="2" failed="0" skipped="0">
  <reporter-output>
  </reporter-output>
  <suite started-at="2023-01-10T13:16:06 IST" name="Suite" finished-at="2023-01-10T13:16:46 IST" duration-ms="39918">
    <groups>
      <group name="regression">
        <method signature="BoltTest.listOfitems()[pri:0, instance:swagerTest.BoltTest@67c33749]" name="listOfitems" class="swagerTest.BoltTest"/>
      </group> <!-- regression -->
      <group name="smoke">
        <method signature="BoltTest.addCart()[pri:0, instance:swagerTest.BoltTest@3514a4c0]" name="addCart" class="swagerTest.BoltTest"/>
      </group> <!-- smoke -->
    </groups>
    <test started-at="2023-01-10T13:16:06 IST" name="Test_runner-1" finished-at="2023-01-10T13:16:30 IST" duration-ms="24252">
      <class name="swagerTest.BoltTest">
        <test-method is-config="true" signature="launchBrowser()[pri:0, instance:swagerTest.BoltTest@3514a4c0]" started-at="2023-01-10T13:16:06 IST" name="launchBrowser" finished-at="2023-01-10T13:16:15 IST" duration-ms="9120" status="PASS">
          <reporter-output>
          </reporter-output>
        </test-method> <!-- launchBrowser -->
        <test-method is-config="true" signature="setLogin()[pri:0, instance:swagerTest.BoltTest@3514a4c0]" started-at="2023-01-10T13:16:15 IST" name="setLogin" finished-at="2023-01-10T13:16:25 IST" duration-ms="9888" status="PASS">
          <reporter-output>
          </reporter-output>
        </test-method> <!-- setLogin -->
        <test-method signature="addCart()[pri:0, instance:swagerTest.BoltTest@3514a4c0]" started-at="2023-01-10T13:16:25 IST" name="addCart" finished-at="2023-01-10T13:16:26 IST" duration-ms="1748" status="PASS">
          <reporter-output>
          </reporter-output>
        </test-method> <!-- addCart -->
        <test-method is-config="true" signature="setLogout()[pri:0, instance:swagerTest.BoltTest@3514a4c0]" started-at="2023-01-10T13:16:26 IST" name="setLogout" finished-at="2023-01-10T13:16:30 IST" duration-ms="3190" status="PASS">
          <reporter-output>
          </reporter-output>
        </test-method> <!-- setLogout -->
        <test-method is-config="true" signature="closeBrowser()[pri:0, instance:swagerTest.BoltTest@3514a4c0]" started-at="2023-01-10T13:16:30 IST" name="closeBrowser" finished-at="2023-01-10T13:16:30 IST" duration-ms="243" status="PASS">
          <reporter-output>
          </reporter-output>
        </test-method> <!-- closeBrowser -->
      </class> <!-- swagerTest.BoltTest -->
    </test> <!-- Test_runner-1 -->
    <test started-at="2023-01-10T13:16:06 IST" name="Test_runner-2" finished-at="2023-01-10T13:16:46 IST" duration-ms="39917">
      <class name="swagerTest.BoltTest">
        <test-method is-config="true" signature="launchBrowser()[pri:0, instance:swagerTest.BoltTest@67c33749]" started-at="2023-01-10T13:16:06 IST" name="launchBrowser" finished-at="2023-01-10T13:16:15 IST" duration-ms="9089" status="PASS">
          <reporter-output>
          </reporter-output>
        </test-method> <!-- launchBrowser -->
        <test-method is-config="true" signature="setLogin()[pri:0, instance:swagerTest.BoltTest@67c33749]" started-at="2023-01-10T13:16:15 IST" name="setLogin" finished-at="2023-01-10T13:16:25 IST" duration-ms="9947" status="PASS">
          <reporter-output>
          </reporter-output>
        </test-method> <!-- setLogin -->
        <test-method signature="listOfitems()[pri:0, instance:swagerTest.BoltTest@67c33749]" started-at="2023-01-10T13:16:25 IST" name="listOfitems" finished-at="2023-01-10T13:16:26 IST" duration-ms="1102" status="PASS">
          <reporter-output>
          </reporter-output>
        </test-method> <!-- listOfitems -->
        <test-method is-config="true" signature="setLogout()[pri:0, instance:swagerTest.BoltTest@67c33749]" started-at="2023-01-10T13:16:26 IST" name="setLogout" finished-at="2023-01-10T13:16:29 IST" duration-ms="3420" status="PASS">
          <reporter-output>
          </reporter-output>
        </test-method> <!-- setLogout -->
        <test-method is-config="true" signature="closeBrowser()[pri:0, instance:swagerTest.BoltTest@67c33749]" started-at="2023-01-10T13:16:29 IST" name="closeBrowser" finished-at="2023-01-10T13:16:46 IST" duration-ms="16268" status="PASS">
          <reporter-output>
          </reporter-output>
        </test-method> <!-- closeBrowser -->
      </class> <!-- swagerTest.BoltTest -->
    </test> <!-- Test_runner-2 -->
  </suite> <!-- Suite -->
</testng-results>
